mode: set
github.com/M-Abdullah-Nazeer/bookings/internal/handlers/handlers.go:32.62,37.2 1 0
github.com/M-Abdullah-Nazeer/bookings/internal/handlers/handlers.go:39.51,44.2 1 1
github.com/M-Abdullah-Nazeer/bookings/internal/handlers/handlers.go:46.33,48.2 1 1
github.com/M-Abdullah-Nazeer/bookings/internal/handlers/handlers.go:50.67,53.2 1 1
github.com/M-Abdullah-Nazeer/bookings/internal/handlers/handlers.go:55.70,58.2 1 1
github.com/M-Abdullah-Nazeer/bookings/internal/handlers/handlers.go:60.71,63.2 1 1
github.com/M-Abdullah-Nazeer/bookings/internal/handlers/handlers.go:65.69,68.2 1 1
github.com/M-Abdullah-Nazeer/bookings/internal/handlers/handlers.go:70.74,75.9 2 1
github.com/M-Abdullah-Nazeer/bookings/internal/handlers/handlers.go:75.9,80.3 3 1
github.com/M-Abdullah-Nazeer/bookings/internal/handlers/handlers.go:82.2,83.16 2 1
github.com/M-Abdullah-Nazeer/bookings/internal/handlers/handlers.go:83.16,87.3 3 1
github.com/M-Abdullah-Nazeer/bookings/internal/handlers/handlers.go:89.2,109.4 10 1
github.com/M-Abdullah-Nazeer/bookings/internal/handlers/handlers.go:113.78,117.16 2 1
github.com/M-Abdullah-Nazeer/bookings/internal/handlers/handlers.go:117.16,122.3 3 1
github.com/M-Abdullah-Nazeer/bookings/internal/handlers/handlers.go:124.2,125.9 2 1
github.com/M-Abdullah-Nazeer/bookings/internal/handlers/handlers.go:125.9,130.3 3 1
github.com/M-Abdullah-Nazeer/bookings/internal/handlers/handlers.go:132.2,144.19 9 1
github.com/M-Abdullah-Nazeer/bookings/internal/handlers/handlers.go:144.19,155.3 5 1
github.com/M-Abdullah-Nazeer/bookings/internal/handlers/handlers.go:157.2,158.16 2 1
github.com/M-Abdullah-Nazeer/bookings/internal/handlers/handlers.go:158.16,163.3 3 1
github.com/M-Abdullah-Nazeer/bookings/internal/handlers/handlers.go:166.2,177.16 4 1
github.com/M-Abdullah-Nazeer/bookings/internal/handlers/handlers.go:177.16,182.3 3 1
github.com/M-Abdullah-Nazeer/bookings/internal/handlers/handlers.go:185.2,208.66 8 1
github.com/M-Abdullah-Nazeer/bookings/internal/handlers/handlers.go:213.81,218.9 2 1
github.com/M-Abdullah-Nazeer/bookings/internal/handlers/handlers.go:218.9,222.3 2 1
github.com/M-Abdullah-Nazeer/bookings/internal/handlers/handlers.go:225.2,241.4 9 1
github.com/M-Abdullah-Nazeer/bookings/internal/handlers/handlers.go:244.68,255.2 5 1
github.com/M-Abdullah-Nazeer/bookings/internal/handlers/handlers.go:257.75,260.2 1 1
github.com/M-Abdullah-Nazeer/bookings/internal/handlers/handlers.go:263.79,265.16 2 1
github.com/M-Abdullah-Nazeer/bookings/internal/handlers/handlers.go:265.16,269.3 3 1
github.com/M-Abdullah-Nazeer/bookings/internal/handlers/handlers.go:271.2,277.16 5 1
github.com/M-Abdullah-Nazeer/bookings/internal/handlers/handlers.go:277.16,282.3 3 1
github.com/M-Abdullah-Nazeer/bookings/internal/handlers/handlers.go:283.2,284.16 2 1
github.com/M-Abdullah-Nazeer/bookings/internal/handlers/handlers.go:284.16,288.3 3 1
github.com/M-Abdullah-Nazeer/bookings/internal/handlers/handlers.go:290.2,292.16 2 1
github.com/M-Abdullah-Nazeer/bookings/internal/handlers/handlers.go:292.16,296.3 3 1
github.com/M-Abdullah-Nazeer/bookings/internal/handlers/handlers.go:298.2,298.21 1 1
github.com/M-Abdullah-Nazeer/bookings/internal/handlers/handlers.go:298.21,302.3 3 1
github.com/M-Abdullah-Nazeer/bookings/internal/handlers/handlers.go:304.2,316.4 5 0
github.com/M-Abdullah-Nazeer/bookings/internal/handlers/handlers.go:329.79,332.16 2 1
github.com/M-Abdullah-Nazeer/bookings/internal/handlers/handlers.go:332.16,345.3 5 1
github.com/M-Abdullah-Nazeer/bookings/internal/handlers/handlers.go:347.2,353.16 5 1
github.com/M-Abdullah-Nazeer/bookings/internal/handlers/handlers.go:353.16,357.3 3 1
github.com/M-Abdullah-Nazeer/bookings/internal/handlers/handlers.go:358.2,359.16 2 1
github.com/M-Abdullah-Nazeer/bookings/internal/handlers/handlers.go:359.16,363.3 3 1
github.com/M-Abdullah-Nazeer/bookings/internal/handlers/handlers.go:365.2,366.16 2 1
github.com/M-Abdullah-Nazeer/bookings/internal/handlers/handlers.go:366.16,370.3 3 1
github.com/M-Abdullah-Nazeer/bookings/internal/handlers/handlers.go:371.2,373.16 2 1
github.com/M-Abdullah-Nazeer/bookings/internal/handlers/handlers.go:373.16,388.3 5 1
github.com/M-Abdullah-Nazeer/bookings/internal/handlers/handlers.go:390.2,405.14 4 1
github.com/M-Abdullah-Nazeer/bookings/internal/handlers/handlers.go:410.73,415.16 3 1
github.com/M-Abdullah-Nazeer/bookings/internal/handlers/handlers.go:415.16,420.3 3 1
github.com/M-Abdullah-Nazeer/bookings/internal/handlers/handlers.go:422.2,424.9 2 1
github.com/M-Abdullah-Nazeer/bookings/internal/handlers/handlers.go:424.9,429.3 3 1
github.com/M-Abdullah-Nazeer/bookings/internal/handlers/handlers.go:431.2,435.63 3 1
github.com/M-Abdullah-Nazeer/bookings/internal/handlers/handlers.go:440.71,444.16 2 1
github.com/M-Abdullah-Nazeer/bookings/internal/handlers/handlers.go:444.16,449.3 3 1
github.com/M-Abdullah-Nazeer/bookings/internal/handlers/handlers.go:450.2,456.16 5 1
github.com/M-Abdullah-Nazeer/bookings/internal/handlers/handlers.go:456.16,460.3 3 1
github.com/M-Abdullah-Nazeer/bookings/internal/handlers/handlers.go:461.2,462.16 2 1
github.com/M-Abdullah-Nazeer/bookings/internal/handlers/handlers.go:462.16,466.3 3 1
github.com/M-Abdullah-Nazeer/bookings/internal/handlers/handlers.go:468.2,476.63 6 1
github.com/M-Abdullah-Nazeer/bookings/internal/handlers/handlers.go:479.68,484.2 1 1
github.com/M-Abdullah-Nazeer/bookings/internal/handlers/handlers.go:487.72,494.16 3 1
github.com/M-Abdullah-Nazeer/bookings/internal/handlers/handlers.go:494.16,496.3 1 0
github.com/M-Abdullah-Nazeer/bookings/internal/handlers/handlers.go:498.2,506.19 6 1
github.com/M-Abdullah-Nazeer/bookings/internal/handlers/handlers.go:506.19,511.3 1 1
github.com/M-Abdullah-Nazeer/bookings/internal/handlers/handlers.go:512.2,513.16 2 1
github.com/M-Abdullah-Nazeer/bookings/internal/handlers/handlers.go:513.16,518.3 4 1
github.com/M-Abdullah-Nazeer/bookings/internal/handlers/handlers.go:520.2,522.47 3 1
github.com/M-Abdullah-Nazeer/bookings/internal/handlers/handlers.go:526.69,533.2 3 1
github.com/M-Abdullah-Nazeer/bookings/internal/handlers/handlers.go:535.77,538.2 1 1
github.com/M-Abdullah-Nazeer/bookings/internal/handlers/handlers.go:539.83,542.16 2 1
github.com/M-Abdullah-Nazeer/bookings/internal/handlers/handlers.go:542.16,545.3 2 0
github.com/M-Abdullah-Nazeer/bookings/internal/handlers/handlers.go:547.2,552.4 3 1
github.com/M-Abdullah-Nazeer/bookings/internal/handlers/handlers.go:554.83,557.16 2 1
github.com/M-Abdullah-Nazeer/bookings/internal/handlers/handlers.go:557.16,560.3 2 0
github.com/M-Abdullah-Nazeer/bookings/internal/handlers/handlers.go:562.2,567.4 3 1
github.com/M-Abdullah-Nazeer/bookings/internal/handlers/handlers.go:570.84,576.16 4 1
github.com/M-Abdullah-Nazeer/bookings/internal/handlers/handlers.go:576.16,581.3 3 0
github.com/M-Abdullah-Nazeer/bookings/internal/handlers/handlers.go:583.2,584.16 2 1
github.com/M-Abdullah-Nazeer/bookings/internal/handlers/handlers.go:584.16,587.3 2 0
github.com/M-Abdullah-Nazeer/bookings/internal/handlers/handlers.go:589.2,605.4 9 1
github.com/M-Abdullah-Nazeer/bookings/internal/handlers/handlers.go:608.88,611.16 2 0
github.com/M-Abdullah-Nazeer/bookings/internal/handlers/handlers.go:611.16,613.3 1 0
github.com/M-Abdullah-Nazeer/bookings/internal/handlers/handlers.go:615.2,619.16 4 0
github.com/M-Abdullah-Nazeer/bookings/internal/handlers/handlers.go:619.16,624.3 3 0
github.com/M-Abdullah-Nazeer/bookings/internal/handlers/handlers.go:626.2,627.16 2 0
github.com/M-Abdullah-Nazeer/bookings/internal/handlers/handlers.go:627.16,630.3 2 0
github.com/M-Abdullah-Nazeer/bookings/internal/handlers/handlers.go:632.2,641.16 8 0
github.com/M-Abdullah-Nazeer/bookings/internal/handlers/handlers.go:641.16,644.3 2 0
github.com/M-Abdullah-Nazeer/bookings/internal/handlers/handlers.go:645.2,648.16 2 0
github.com/M-Abdullah-Nazeer/bookings/internal/handlers/handlers.go:648.16,650.3 1 0
github.com/M-Abdullah-Nazeer/bookings/internal/handlers/handlers.go:650.8,652.3 1 0
github.com/M-Abdullah-Nazeer/bookings/internal/handlers/handlers.go:656.88,660.34 2 0
github.com/M-Abdullah-Nazeer/bookings/internal/handlers/handlers.go:660.34,666.3 3 0
github.com/M-Abdullah-Nazeer/bookings/internal/handlers/handlers.go:668.2,700.16 23 0
github.com/M-Abdullah-Nazeer/bookings/internal/handlers/handlers.go:700.16,703.3 2 0
github.com/M-Abdullah-Nazeer/bookings/internal/handlers/handlers.go:705.2,707.26 2 0
github.com/M-Abdullah-Nazeer/bookings/internal/handlers/handlers.go:707.26,712.89 3 0
github.com/M-Abdullah-Nazeer/bookings/internal/handlers/handlers.go:712.89,716.4 2 0
github.com/M-Abdullah-Nazeer/bookings/internal/handlers/handlers.go:719.3,720.17 2 0
github.com/M-Abdullah-Nazeer/bookings/internal/handlers/handlers.go:720.17,723.4 2 0
github.com/M-Abdullah-Nazeer/bookings/internal/handlers/handlers.go:725.3,725.34 1 0
github.com/M-Abdullah-Nazeer/bookings/internal/handlers/handlers.go:725.34,727.27 1 0
github.com/M-Abdullah-Nazeer/bookings/internal/handlers/handlers.go:727.27,729.79 1 0
github.com/M-Abdullah-Nazeer/bookings/internal/handlers/handlers.go:729.79,731.6 1 0
github.com/M-Abdullah-Nazeer/bookings/internal/handlers/handlers.go:732.10,734.79 1 0
github.com/M-Abdullah-Nazeer/bookings/internal/handlers/handlers.go:734.79,736.6 1 0
github.com/M-Abdullah-Nazeer/bookings/internal/handlers/handlers.go:740.4,740.79 1 0
github.com/M-Abdullah-Nazeer/bookings/internal/handlers/handlers.go:743.3,744.53 2 0
github.com/M-Abdullah-Nazeer/bookings/internal/handlers/handlers.go:748.2,752.4 1 0
github.com/M-Abdullah-Nazeer/bookings/internal/handlers/handlers.go:755.92,758.16 2 0
github.com/M-Abdullah-Nazeer/bookings/internal/handlers/handlers.go:758.16,761.3 2 0
github.com/M-Abdullah-Nazeer/bookings/internal/handlers/handlers.go:763.2,772.26 5 0
github.com/M-Abdullah-Nazeer/bookings/internal/handlers/handlers.go:772.26,780.41 2 0
github.com/M-Abdullah-Nazeer/bookings/internal/handlers/handlers.go:780.41,783.41 1 0
github.com/M-Abdullah-Nazeer/bookings/internal/handlers/handlers.go:783.41,786.16 1 0
github.com/M-Abdullah-Nazeer/bookings/internal/handlers/handlers.go:786.16,788.66 1 0
github.com/M-Abdullah-Nazeer/bookings/internal/handlers/handlers.go:788.66,790.21 2 0
github.com/M-Abdullah-Nazeer/bookings/internal/handlers/handlers.go:790.21,793.8 2 0
github.com/M-Abdullah-Nazeer/bookings/internal/handlers/handlers.go:802.2,802.34 1 0
github.com/M-Abdullah-Nazeer/bookings/internal/handlers/handlers.go:802.34,804.43 1 0
github.com/M-Abdullah-Nazeer/bookings/internal/handlers/handlers.go:804.43,810.18 5 0
github.com/M-Abdullah-Nazeer/bookings/internal/handlers/handlers.go:810.18,813.5 2 0
github.com/M-Abdullah-Nazeer/bookings/internal/handlers/handlers.go:818.2,819.110 2 0
github.com/M-Abdullah-Nazeer/bookings/internal/handlers/handlers.go:822.81,826.16 3 0
github.com/M-Abdullah-Nazeer/bookings/internal/handlers/handlers.go:826.16,829.3 2 0
github.com/M-Abdullah-Nazeer/bookings/internal/handlers/handlers.go:831.2,832.16 2 0
github.com/M-Abdullah-Nazeer/bookings/internal/handlers/handlers.go:832.16,835.3 2 0
github.com/M-Abdullah-Nazeer/bookings/internal/handlers/handlers.go:837.2,842.16 4 0
github.com/M-Abdullah-Nazeer/bookings/internal/handlers/handlers.go:842.16,844.3 1 0
github.com/M-Abdullah-Nazeer/bookings/internal/handlers/handlers.go:844.8,846.3 1 0
github.com/M-Abdullah-Nazeer/bookings/internal/handlers/handlers.go:850.80,854.16 3 0
github.com/M-Abdullah-Nazeer/bookings/internal/handlers/handlers.go:854.16,857.3 2 0
github.com/M-Abdullah-Nazeer/bookings/internal/handlers/handlers.go:859.2,860.16 2 0
github.com/M-Abdullah-Nazeer/bookings/internal/handlers/handlers.go:860.16,863.3 2 0
github.com/M-Abdullah-Nazeer/bookings/internal/handlers/handlers.go:864.2,869.16 4 0
github.com/M-Abdullah-Nazeer/bookings/internal/handlers/handlers.go:869.16,871.3 1 0
github.com/M-Abdullah-Nazeer/bookings/internal/handlers/handlers.go:871.8,873.3 1 0
