mode: set
github.com/M-Abdullah-Nazeer/bookings/internal/handlers/handlers.go:22.47,26.2 1 1
github.com/M-Abdullah-Nazeer/bookings/internal/handlers/handlers.go:28.33,30.2 1 1
github.com/M-Abdullah-Nazeer/bookings/internal/handlers/handlers.go:32.67,38.2 3 1
github.com/M-Abdullah-Nazeer/bookings/internal/handlers/handlers.go:40.70,43.2 1 1
github.com/M-Abdullah-Nazeer/bookings/internal/handlers/handlers.go:45.71,48.2 1 1
github.com/M-Abdullah-Nazeer/bookings/internal/handlers/handlers.go:50.69,53.2 1 1
github.com/M-Abdullah-Nazeer/bookings/internal/handlers/handlers.go:55.74,65.2 4 1
github.com/M-Abdullah-Nazeer/bookings/internal/handlers/handlers.go:68.78,71.16 2 1
github.com/M-Abdullah-Nazeer/bookings/internal/handlers/handlers.go:71.16,74.3 2 0
github.com/M-Abdullah-Nazeer/bookings/internal/handlers/handlers.go:76.2,90.19 6 1
github.com/M-Abdullah-Nazeer/bookings/internal/handlers/handlers.go:90.19,100.3 4 0
github.com/M-Abdullah-Nazeer/bookings/internal/handlers/handlers.go:103.2,105.66 2 1
github.com/M-Abdullah-Nazeer/bookings/internal/handlers/handlers.go:109.81,114.9 2 1
github.com/M-Abdullah-Nazeer/bookings/internal/handlers/handlers.go:114.9,118.3 3 1
github.com/M-Abdullah-Nazeer/bookings/internal/handlers/handlers.go:121.2,127.4 4 1
github.com/M-Abdullah-Nazeer/bookings/internal/handlers/handlers.go:130.68,141.2 5 1
github.com/M-Abdullah-Nazeer/bookings/internal/handlers/handlers.go:143.75,146.2 1 1
github.com/M-Abdullah-Nazeer/bookings/internal/handlers/handlers.go:148.79,155.2 3 1
github.com/M-Abdullah-Nazeer/bookings/internal/handlers/handlers.go:162.79,170.16 3 1
github.com/M-Abdullah-Nazeer/bookings/internal/handlers/handlers.go:170.16,172.3 1 0
github.com/M-Abdullah-Nazeer/bookings/internal/handlers/handlers.go:173.2,174.14 2 1
